frontend/build/app/intermediates/manifest_merge_blame_file/debug/processDebugMainManifest/manifest-merger-blame-debug-report.txt
1<?xml version="1.0" encoding="utf-8"?>
2<manifest xmlns:android="http://schemas.android.com/apk/res/android"
3    package="com.example.burgerking"
4    android:versionCode="1"
5    android:versionName="1.0.0" >
6
7    <uses-sdk
8        android:minSdkVersion="23"
9        android:targetSdkVersion="35" />
10    <!--
11         The INTERNET permission is required for development. Specifically,
12         the Flutter tool needs it to communicate with the running application
13         to allow setting breakpoints, to provide hot reload, etc.
14    -->
15    <uses-permission android:name="android.permission.INTERNET" />
15-->src\main\AndroidManifest.xml:2:5-66
15-->src\main\AndroidManifest.xml:2:22-64
16    <!--
17     Required to query activities that can process text, see:
18         https://developer.android.com/training/package-visibility and
19         https://developer.android.com/reference/android/content/Intent#ACTION_PROCESS_TEXT.
20
21         In particular, this is used by the Flutter engine in io.flutter.plugin.text.ProcessTextPlugin.
22    -->
23    <queries>
23-->src\main\AndroidManifest.xml:43:5-48:15
24        <intent>
24-->src\main\AndroidManifest.xml:44:9-47:18
25            <action android:name="android.intent.action.PROCESS_TEXT" />
25-->src\main\AndroidManifest.xml:45:13-72
25-->src\main\AndroidManifest.xml:45:21-70
26
27            <data android:mimeType="text/plain" />
27-->src\main\AndroidManifest.xml:46:13-50
27-->src\main\AndroidManifest.xml:46:19-48
28        </intent>
29    </queries>
30
31    <uses-permission android:name="android.permission.ACCESS_NETWORK_STATE" />
31-->[com.google.firebase:firebase-auth:23.2.1] AndroidManifest.xml:26:5-79
31-->[com.google.firebase:firebase-auth:23.2.1] AndroidManifest.xml:26:22-76
32    <uses-permission android:name="com.google.android.providers.gsf.permission.READ_GSERVICES" />
32-->[com.google.android.recaptcha:recaptcha:18.6.1] AndroidManifest.xml:9:5-98
32-->[com.google.android.recaptcha:recaptcha:18.6.1] AndroidManifest.xml:9:22-95
33
34    <permission
34-->[androidx.core:core:1.13.1] AndroidManifest.xml:22:5-24:47
35        android:name="com.example.burgerking.DYNAMIC_RECEIVER_NOT_EXPORTED_PERMISSION"
35-->[androidx.core:core:1.13.1] AndroidManifest.xml:23:9-81
36        android:protectionLevel="signature" />
36-->[androidx.core:core:1.13.1] AndroidManifest.xml:24:9-44
37
38    <uses-permission android:name="com.example.burgerking.DYNAMIC_RECEIVER_NOT_EXPORTED_PERMISSION" />
38-->[androidx.core:core:1.13.1] AndroidManifest.xml:26:5-97
38-->[androidx.core:core:1.13.1] AndroidManifest.xml:26:22-94
39
40    <application
41        android:name="android.app.Application"
42        android:appComponentFactory="androidx.core.app.CoreComponentFactory"
42-->[androidx.core:core:1.13.1] AndroidManifest.xml:28:18-86
43        android:debuggable="true"
44        android:extractNativeLibs="false"
45        android:icon="@mipmap/ic_launcher"
46        android:label="client" >
47        <activity
48            android:name="com.example.burgerking.MainActivity"
49            android:configChanges="orientation|keyboardHidden|keyboard|screenSize|smallestScreenSize|locale|layoutDirection|fontScale|screenLayout|density|uiMode"
50            android:exported="true"
51            android:hardwareAccelerated="true"
52            android:launchMode="singleTop"
53            android:taskAffinity=""
54            android:theme="@style/LaunchTheme"
55            android:windowSoftInputMode="adjustResize" >
56
57            <!--
58                 Specifies an Android theme to apply to this Activity as soon as
59                 the Android process has started. This theme is visible to the user
60                 while the Flutter UI initializes. After that, this theme continues
61                 to determine the Window background behind the Flutter UI.
62            -->
63            <meta-data
64                android:name="io.flutter.embedding.android.NormalTheme"
65                android:resource="@style/NormalTheme" />
66
67            <intent-filter>
68                <action android:name="android.intent.action.MAIN" />
69
70                <category android:name="android.intent.category.LAUNCHER" />
71            </intent-filter>
72        </activity>
73        <!--
74             Don't delete the meta-data below.
75             This is used by the Flutter tool to generate GeneratedPluginRegistrant.java
76        -->
77        <meta-data
78            android:name="flutterEmbedding"
79            android:value="2" />
80        <meta-data
81            android:name="com.google.firebase.messaging.default_notification_channel_id"
82            android:value="default_channel_id" />
83
84        <service
84-->[:firebase_auth] AndroidManifest.xml:8:9-12:19
85            android:name="com.google.firebase.components.ComponentDiscoveryService"
85-->[:firebase_auth] AndroidManifest.xml:8:18-89
86            android:directBootAware="true"
86-->[com.google.firebase:firebase-common:21.0.0] AndroidManifest.xml:32:13-43
87            android:exported="false" >
87-->[com.google.firebase:firebase-auth:23.2.1] AndroidManifest.xml:68:13-37
88            <meta-data
88-->[:firebase_auth] AndroidManifest.xml:9:13-11:85
89                android:name="com.google.firebase.components:io.flutter.plugins.firebase.auth.FlutterFirebaseAuthRegistrar"
89-->[:firebase_auth] AndroidManifest.xml:10:17-124
90                android:value="com.google.firebase.components.ComponentRegistrar" />
90-->[:firebase_auth] AndroidManifest.xml:11:17-82
91            <meta-data
91-->[:firebase_core] AndroidManifest.xml:9:13-11:85
92                android:name="com.google.firebase.components:io.flutter.plugins.firebase.core.FlutterFirebaseCoreRegistrar"
92-->[:firebase_core] AndroidManifest.xml:10:17-124
93                android:value="com.google.firebase.components.ComponentRegistrar" />
93-->[:firebase_core] AndroidManifest.xml:11:17-82
94            <meta-data
94-->[com.google.firebase:firebase-auth:23.2.1] AndroidManifest.xml:69:13-71:85
95                android:name="com.google.firebase.components:com.google.firebase.auth.FirebaseAuthRegistrar"
95-->[com.google.firebase:firebase-auth:23.2.1] AndroidManifest.xml:70:17-109
96                android:value="com.google.firebase.components.ComponentRegistrar" />
96-->[com.google.firebase:firebase-auth:23.2.1] AndroidManifest.xml:71:17-82
97            <meta-data
97-->[com.google.firebase:firebase-common-ktx:21.0.0] AndroidManifest.xml:12:13-14:85
98                android:name="com.google.firebase.components:com.google.firebase.ktx.FirebaseCommonLegacyRegistrar"
98-->[com.google.firebase:firebase-common-ktx:21.0.0] AndroidManifest.xml:13:17-116
99                android:value="com.google.firebase.components.ComponentRegistrar" />
99-->[com.google.firebase:firebase-common-ktx:21.0.0] AndroidManifest.xml:14:17-82
100            <meta-data
100-->[com.google.firebase:firebase-common:21.0.0] AndroidManifest.xml:35:13-37:85
101                android:name="com.google.firebase.components:com.google.firebase.FirebaseCommonKtxRegistrar"
101-->[com.google.firebase:firebase-common:21.0.0] AndroidManifest.xml:36:17-109
102                android:value="com.google.firebase.components.ComponentRegistrar" />
102-->[com.google.firebase:firebase-common:21.0.0] AndroidManifest.xml:37:17-82
103        </service>
104
105        <activity
105-->[com.google.firebase:firebase-auth:23.2.1] AndroidManifest.xml:29:9-46:20
106            android:name="com.google.firebase.auth.internal.GenericIdpActivity"
106-->[com.google.firebase:firebase-auth:23.2.1] AndroidManifest.xml:30:13-80
107            android:excludeFromRecents="true"
107-->[com.google.firebase:firebase-auth:23.2.1] AndroidManifest.xml:31:13-46
108            android:exported="true"
108-->[com.google.firebase:firebase-auth:23.2.1] AndroidManifest.xml:32:13-36
109            android:launchMode="singleTask"
109-->[com.google.firebase:firebase-auth:23.2.1] AndroidManifest.xml:33:13-44
110            android:theme="@android:style/Theme.Translucent.NoTitleBar" >
110-->[com.google.firebase:firebase-auth:23.2.1] AndroidManifest.xml:34:13-72
111            <intent-filter>
111-->[com.google.firebase:firebase-auth:23.2.1] AndroidManifest.xml:35:13-45:29
112                <action android:name="android.intent.action.VIEW" />
112-->[com.google.firebase:firebase-auth:23.2.1] AndroidManifest.xml:36:17-69
112-->[com.google.firebase:firebase-auth:23.2.1] AndroidManifest.xml:36:25-66
113
114                <category android:name="android.intent.category.DEFAULT" />
114-->[com.google.firebase:firebase-auth:23.2.1] AndroidManifest.xml:38:17-76
114-->[com.google.firebase:firebase-auth:23.2.1] AndroidManifest.xml:38:27-73
115                <category android:name="android.intent.category.BROWSABLE" />
115-->[com.google.firebase:firebase-auth:23.2.1] AndroidManifest.xml:39:17-78
115-->[com.google.firebase:firebase-auth:23.2.1] AndroidManifest.xml:39:27-75
116
117                <data
117-->src\main\AndroidManifest.xml:46:13-50
118                    android:host="firebase.auth"
119                    android:path="/"
120                    android:scheme="genericidp" />
121            </intent-filter>
122        </activity>
123        <activity
123-->[com.google.firebase:firebase-auth:23.2.1] AndroidManifest.xml:47:9-64:20
124            android:name="com.google.firebase.auth.internal.RecaptchaActivity"
124-->[com.google.firebase:firebase-auth:23.2.1] AndroidManifest.xml:48:13-79
125            android:excludeFromRecents="true"
125-->[com.google.firebase:firebase-auth:23.2.1] AndroidManifest.xml:49:13-46
126            android:exported="true"
126-->[com.google.firebase:firebase-auth:23.2.1] AndroidManifest.xml:50:13-36
127            android:launchMode="singleTask"
127-->[com.google.firebase:firebase-auth:23.2.1] AndroidManifest.xml:51:13-44
128            android:theme="@android:style/Theme.Translucent.NoTitleBar" >
128-->[com.google.firebase:firebase-auth:23.2.1] AndroidManifest.xml:52:13-72
129            <intent-filter>
129-->[com.google.firebase:firebase-auth:23.2.1] AndroidManifest.xml:53:13-63:29
130                <action android:name="android.intent.action.VIEW" />
130-->[com.google.firebase:firebase-auth:23.2.1] AndroidManifest.xml:36:17-69
130-->[com.google.firebase:firebase-auth:23.2.1] AndroidManifest.xml:36:25-66
131
132                <category android:name="android.intent.category.DEFAULT" />
132-->[com.google.firebase:firebase-auth:23.2.1] AndroidManifest.xml:38:17-76
132-->[com.google.firebase:firebase-auth:23.2.1] AndroidManifest.xml:38:27-73
133                <category android:name="android.intent.category.BROWSABLE" />
133-->[com.google.firebase:firebase-auth:23.2.1] AndroidManifest.xml:39:17-78
133-->[com.google.firebase:firebase-auth:23.2.1] AndroidManifest.xml:39:27-75
134
135                <data
135-->src\main\AndroidManifest.xml:46:13-50
136                    android:host="firebase.auth"
137                    android:path="/"
138                    android:scheme="recaptcha" />
139            </intent-filter>
140        </activity>
141        <!--
142           Declares a provider which allows us to store files to share in
143           '.../caches/share_plus' and grant the receiving action access
144        -->
145        <provider
145-->[:share_plus] AndroidManifest.xml:13:9-21:20
146            android:name="dev.fluttercommunity.plus.share.ShareFileProvider"
146-->[:share_plus] AndroidManifest.xml:14:13-77
147            android:authorities="com.example.burgerking.flutter.share_provider"
147-->[:share_plus] AndroidManifest.xml:15:13-74
148            android:exported="false"
148-->[:share_plus] AndroidManifest.xml:16:13-37
149            android:grantUriPermissions="true" >
149-->[:share_plus] AndroidManifest.xml:17:13-47
150            <meta-data
150-->[:share_plus] AndroidManifest.xml:18:13-20:68
151                android:name="android.support.FILE_PROVIDER_PATHS"
151-->[:share_plus] AndroidManifest.xml:19:17-67
152                android:resource="@xml/flutter_share_file_paths" />
152-->[:share_plus] AndroidManifest.xml:20:17-65
153        </provider>
154        <!--
155           This manifest declared broadcast receiver allows us to use an explicit
156           Intent when creating a PendingItent to be informed of the user's choice
157        -->
158        <receiver
158-->[:share_plus] AndroidManifest.xml:26:9-32:20
159            android:name="dev.fluttercommunity.plus.share.SharePlusPendingIntent"
159-->[:share_plus] AndroidManifest.xml:27:13-82
160            android:exported="false" >
160-->[:share_plus] AndroidManifest.xml:28:13-37
161            <intent-filter>
161-->[:share_plus] AndroidManifest.xml:29:13-31:29
162                <action android:name="EXTRA_CHOSEN_COMPONENT" />
162-->[:share_plus] AndroidManifest.xml:30:17-65
162-->[:share_plus] AndroidManifest.xml:30:25-62
163            </intent-filter>
164        </receiver>
165
166        <service
166-->[androidx.credentials:credentials-play-services-auth:1.2.0-rc01] AndroidManifest.xml:24:9-32:19
167            android:name="androidx.credentials.playservices.CredentialProviderMetadataHolder"
167-->[androidx.credentials:credentials-play-services-auth:1.2.0-rc01] AndroidManifest.xml:25:13-94
168            android:enabled="true"
168-->[androidx.credentials:credentials-play-services-auth:1.2.0-rc01] AndroidManifest.xml:26:13-35
169            android:exported="false" >
169-->[androidx.credentials:credentials-play-services-auth:1.2.0-rc01] AndroidManifest.xml:27:13-37
170            <meta-data
170-->[androidx.credentials:credentials-play-services-auth:1.2.0-rc01] AndroidManifest.xml:29:13-31:104
171                android:name="androidx.credentials.CREDENTIAL_PROVIDER_KEY"
171-->[androidx.credentials:credentials-play-services-auth:1.2.0-rc01] AndroidManifest.xml:30:17-76
172                android:value="androidx.credentials.playservices.CredentialProviderPlayServicesImpl" />
172-->[androidx.credentials:credentials-play-services-auth:1.2.0-rc01] AndroidManifest.xml:31:17-101
173        </service>
174
175        <activity
175-->[androidx.credentials:credentials-play-services-auth:1.2.0-rc01] AndroidManifest.xml:34:9-41:20
176            android:name="androidx.credentials.playservices.HiddenActivity"
176-->[androidx.credentials:credentials-play-services-auth:1.2.0-rc01] AndroidManifest.xml:35:13-76
177            android:configChanges="orientation|screenSize|screenLayout|keyboardHidden"
177-->[androidx.credentials:credentials-play-services-auth:1.2.0-rc01] AndroidManifest.xml:36:13-87
178            android:enabled="true"
178-->[androidx.credentials:credentials-play-services-auth:1.2.0-rc01] AndroidManifest.xml:37:13-35
179            android:exported="false"
179-->[androidx.credentials:credentials-play-services-auth:1.2.0-rc01] AndroidManifest.xml:38:13-37
180            android:fitsSystemWindows="true"
180-->[androidx.credentials:credentials-play-services-auth:1.2.0-rc01] AndroidManifest.xml:39:13-45
181            android:theme="@style/Theme.Hidden" >
181-->[androidx.credentials:credentials-play-services-auth:1.2.0-rc01] AndroidManifest.xml:40:13-48
182        </activity>
183        <activity
183-->[com.google.android.gms:play-services-auth:21.0.0] AndroidManifest.xml:23:9-27:75
184            android:name="com.google.android.gms.auth.api.signin.internal.SignInHubActivity"
184-->[com.google.android.gms:play-services-auth:21.0.0] AndroidManifest.xml:24:13-93
185            android:excludeFromRecents="true"
185-->[com.google.android.gms:play-services-auth:21.0.0] AndroidManifest.xml:25:13-46
186            android:exported="false"
186-->[com.google.android.gms:play-services-auth:21.0.0] AndroidManifest.xml:26:13-37
187            android:theme="@android:style/Theme.Translucent.NoTitleBar" />
187-->[com.google.android.gms:play-services-auth:21.0.0] AndroidManifest.xml:27:13-72
188        <!--
189            Service handling Google Sign-In user revocation. For apps that do not integrate with
190            Google Sign-In, this service will never be started.
191        -->
192        <service
192-->[com.google.android.gms:play-services-auth:21.0.0] AndroidManifest.xml:33:9-37:51
193            android:name="com.google.android.gms.auth.api.signin.RevocationBoundService"
193-->[com.google.android.gms:play-services-auth:21.0.0] AndroidManifest.xml:34:13-89
194            android:exported="true"
194-->[com.google.android.gms:play-services-auth:21.0.0] AndroidManifest.xml:35:13-36
195            android:permission="com.google.android.gms.auth.api.signin.permission.REVOCATION_NOTIFICATION"
195-->[com.google.android.gms:play-services-auth:21.0.0] AndroidManifest.xml:36:13-107
196            android:visibleToInstantApps="true" />
196-->[com.google.android.gms:play-services-auth:21.0.0] AndroidManifest.xml:37:13-48
197
198        <activity
198-->[com.google.android.gms:play-services-base:18.0.1] AndroidManifest.xml:20:9-22:45
199            android:name="com.google.android.gms.common.api.GoogleApiActivity"
199-->[com.google.android.gms:play-services-base:18.0.1] AndroidManifest.xml:20:19-85
200            android:exported="false"
200-->[com.google.android.gms:play-services-base:18.0.1] AndroidManifest.xml:22:19-43
201            android:theme="@android:style/Theme.Translucent.NoTitleBar" />
201-->[com.google.android.gms:play-services-base:18.0.1] AndroidManifest.xml:21:19-78
202
203        <provider
203-->[com.google.firebase:firebase-common:21.0.0] AndroidManifest.xml:23:9-28:39
204            android:name="com.google.firebase.provider.FirebaseInitProvider"
204-->[com.google.firebase:firebase-common:21.0.0] AndroidManifest.xml:24:13-77
205            android:authorities="com.example.burgerking.firebaseinitprovider"
205-->[com.google.firebase:firebase-common:21.0.0] AndroidManifest.xml:25:13-72
206            android:directBootAware="true"
206-->[com.google.firebase:firebase-common:21.0.0] AndroidManifest.xml:26:13-43
207            android:exported="false"
207-->[com.google.firebase:firebase-common:21.0.0] AndroidManifest.xml:27:13-37
208            android:initOrder="100" />
208-->[com.google.firebase:firebase-common:21.0.0] AndroidManifest.xml:28:13-36
209
210        <uses-library
210-->[androidx.window:window:1.2.0] AndroidManifest.xml:23:9-25:40
211            android:name="androidx.window.extensions"
211-->[androidx.window:window:1.2.0] AndroidManifest.xml:24:13-54
212            android:required="false" />
212-->[androidx.window:window:1.2.0] AndroidManifest.xml:25:13-37
213        <uses-library
213-->[androidx.window:window:1.2.0] AndroidManifest.xml:26:9-28:40
214            android:name="androidx.window.sidecar"
214-->[androidx.window:window:1.2.0] AndroidManifest.xml:27:13-51
215            android:required="false" />
215-->[androidx.window:window:1.2.0] AndroidManifest.xml:28:13-37
216
217        <provider
217-->[androidx.lifecycle:lifecycle-process:2.7.0] AndroidManifest.xml:24:9-32:20
218            android:name="androidx.startup.InitializationProvider"
218-->[androidx.lifecycle:lifecycle-process:2.7.0] AndroidManifest.xml:25:13-67
219            android:authorities="com.example.burgerking.androidx-startup"
219-->[androidx.lifecycle:lifecycle-process:2.7.0] AndroidManifest.xml:26:13-68
220            android:exported="false" >
220-->[androidx.lifecycle:lifecycle-process:2.7.0] AndroidManifest.xml:27:13-37
221            <meta-data
221-->[androidx.lifecycle:lifecycle-process:2.7.0] AndroidManifest.xml:29:13-31:52
222                android:name="androidx.lifecycle.ProcessLifecycleInitializer"
222-->[androidx.lifecycle:lifecycle-process:2.7.0] AndroidManifest.xml:30:17-78
223                android:value="androidx.startup" />
223-->[androidx.lifecycle:lifecycle-process:2.7.0] AndroidManifest.xml:31:17-49
224            <meta-data
224-->[androidx.profileinstaller:profileinstaller:1.3.1] AndroidManifest.xml:29:13-31:52
225                android:name="androidx.profileinstaller.ProfileInstallerInitializer"
225-->[androidx.profileinstaller:profileinstaller:1.3.1] AndroidManifest.xml:30:17-85
226                android:value="androidx.startup" />
226-->[androidx.profileinstaller:profileinstaller:1.3.1] AndroidManifest.xml:31:17-49
227        </provider>
228
229        <meta-data
229-->[com.google.android.gms:play-services-basement:18.4.0] AndroidManifest.xml:6:9-122
230            android:name="com.google.android.gms.version"
230-->[com.google.android.gms:play-services-basement:18.4.0] AndroidManifest.xml:6:20-65
231            android:value="@integer/google_play_services_version" />
231-->[com.google.android.gms:play-services-basement:18.4.0] AndroidManifest.xml:6:66-119
232
233        <receiver
233-->[androidx.profileinstaller:profileinstaller:1.3.1] AndroidManifest.xml:34:9-52:20
234            android:name="androidx.profileinstaller.ProfileInstallReceiver"
234-->[androidx.profileinstaller:profileinstaller:1.3.1] AndroidManifest.xml:35:13-76
235            android:directBootAware="false"
235-->[androidx.profileinstaller:profileinstaller:1.3.1] AndroidManifest.xml:36:13-44
236            android:enabled="true"
236-->[androidx.profileinstaller:profileinstaller:1.3.1] AndroidManifest.xml:37:13-35
237            android:exported="true"
237-->[androidx.profileinstaller:profileinstaller:1.3.1] AndroidManifest.xml:38:13-36
238            android:permission="android.permission.DUMP" >
238-->[androidx.profileinstaller:profileinstaller:1.3.1] AndroidManifest.xml:39:13-57
239            <intent-filter>
239-->[androidx.profileinstaller:profileinstaller:1.3.1] AndroidManifest.xml:40:13-42:29
240                <action android:name="androidx.profileinstaller.action.INSTALL_PROFILE" />
240-->[androidx.profileinstaller:profileinstaller:1.3.1] AndroidManifest.xml:41:17-91
240-->[androidx.profileinstaller:profileinstaller:1.3.1] AndroidManifest.xml:41:25-88
241            </intent-filter>
242            <intent-filter>
242-->[androidx.profileinstaller:profileinstaller:1.3.1] AndroidManifest.xml:43:13-45:29
243                <action android:name="androidx.profileinstaller.action.SKIP_FILE" />
243-->[androidx.profileinstaller:profileinstaller:1.3.1] AndroidManifest.xml:44:17-85
243-->[androidx.profileinstaller:profileinstaller:1.3.1] AndroidManifest.xml:44:25-82
244            </intent-filter>
245            <intent-filter>
245-->[androidx.profileinstaller:profileinstaller:1.3.1] AndroidManifest.xml:46:13-48:29
246                <action android:name="androidx.profileinstaller.action.SAVE_PROFILE" />
246-->[androidx.profileinstaller:profileinstaller:1.3.1] AndroidManifest.xml:47:17-88
246-->[androidx.profileinstaller:profileinstaller:1.3.1] AndroidManifest.xml:47:25-85
247            </intent-filter>
248            <intent-filter>
248-->[androidx.profileinstaller:profileinstaller:1.3.1] AndroidManifest.xml:49:13-51:29
249                <action android:name="androidx.profileinstaller.action.BENCHMARK_OPERATION" />
249-->[androidx.profileinstaller:profileinstaller:1.3.1] AndroidManifest.xml:50:17-95
249-->[androidx.profileinstaller:profileinstaller:1.3.1] AndroidManifest.xml:50:25-92
250            </intent-filter>
251        </receiver> <!-- The activities will be merged into the manifest of the hosting app. -->
252        <activity
252-->[com.google.android.play:core-common:2.0.3] AndroidManifest.xml:14:9-18:65
253            android:name="com.google.android.play.core.common.PlayCoreDialogWrapperActivity"
253-->[com.google.android.play:core-common:2.0.3] AndroidManifest.xml:15:13-93
254            android:exported="false"
254-->[com.google.android.play:core-common:2.0.3] AndroidManifest.xml:16:13-37
255            android:stateNotNeeded="true"
255-->[com.google.android.play:core-common:2.0.3] AndroidManifest.xml:17:13-42
256            android:theme="@style/Theme.PlayCore.Transparent" />
256-->[com.google.android.play:core-common:2.0.3] AndroidManifest.xml:18:13-62
257    </application>
258
259</manifest>